<?xml version="1.0" encoding="utf-8"?><testsuites name="pytest tests"><testsuite name="pytest" errors="0" failures="0" skipped="1" tests="18" time="4.427" timestamp="2025-11-07T21:49:09.925911-03:00" hostname="DESKTOP-UB2L9J2"><testcase classname="tests.integration.test_api_contracts_methods" name="test_options_root" time="0.296" /><testcase classname="tests.integration.test_api_contracts_methods" name="test_books_get_list_policy" time="0.009" /><testcase classname="tests.integration.test_api_contracts_methods" name="test_create_author_idempotent_contract" time="0.118" /><testcase classname="tests.integration.test_integration_api" name="test_create_entities_and_open_close_loan" time="0.207" /><testcase classname="tests.integration.test_integration_api" name="test_search_books_and_loans_status" time="0.052" /><testcase classname="tests.integration.test_integration_authors" name="test_author_create_idempotent" time="0.059" /><testcase classname="tests.integration.test_integration_books" name="test_book_create_and_search" time="0.080" /><testcase classname="tests.integration.test_integration_contracts" name="test_422_validation_error" time="0.014" /><testcase classname="tests.integration.test_integration_contracts" name="test_405_method_not_allowed" time="0.014" /><testcase classname="tests.integration.test_integration_idempotency" name="test_close_loan_twice_is_safe" time="0.158" /><testcase classname="tests.integration.test_integration_loans_flow" name="test_open_then_close_loan_flow" time="0.137" /><testcase classname="tests.integration.test_integration_loans_limits" name="test_limit_active_loans_rule" time="0.222"><skipped type="pytest.skip" message="Backend permite 3+ empréstimos ativos; política diferente.">C:\Users\Guilherme\Documents\projeto-teste-software\tests\integration\test_integration_loans_limits.py:23: Backend permite 3+ empréstimos ativos; política diferente.</skipped></testcase><testcase classname="tests.integration.test_integration_members" name="test_member_create_and_get" time="0.033" /><testcase classname="tests.integration.test_integration_members" name="test_member_validation_missing_email_422" time="0.015" /><testcase classname="tests.integration.test_integration_persistence" name="test_persistence_roundtrip" time="0.110" /><testcase classname="tests.integration.test_integration_search_and_order" name="test_search_by_author_and_order_title" time="0.014" /><testcase classname="tests.integration.test_integration_status" name="test_status_active_endpoint" time="0.011" /><testcase classname="tests.integration.test_performance_benchmark" name="test_benchmark_search_books" time="2.233" /></testsuite></testsuites>