<?xml version="1.0" encoding="utf-8"?><testsuites name="pytest tests"><testsuite name="pytest" errors="0" failures="0" skipped="0" tests="18" time="7.534" timestamp="2025-11-07T21:50:06.992308-03:00" hostname="DESKTOP-UB2L9J2"><testcase classname="tests.functional.test_functional_acceptance" name="test_accept_member_creation_blackbox" time="0.232" /><testcase classname="tests.functional.test_functional_acceptance" name="test_accept_book_search_by_title_filter" time="0.307" /><testcase classname="tests.functional.test_functional_acceptance" name="test_accept_open_loan_and_check_active_status" time="2.101" /><testcase classname="tests.functional.test_functional_acceptance" name="test_accept_close_loan_sets_return_date" time="1.703" /><testcase classname="tests.functional.test_functional_acceptance" name="test_accept_validation_error_422" time="0.007" /><testcase classname="tests.functional.test_functional_acceptance" name="test_accept_method_not_allowed_405" time="0.008" /><testcase classname="tests.functional.test_functional_acceptance" name="test_accept_rule_limit_active_loans_blackbox" time="0.229" /><testcase classname="tests.functional.test_functional_acceptance" name="test_accept_books_smoke_list" time="1.710" /><testcase classname="tests.functional.test_functional_acceptance" name="test_accept_search_and_ordering_blackbox" time="0.023" /><testcase classname="tests.functional.test_functional_extra_suite" name="test_fx_accept_create_member" time="0.033" /><testcase classname="tests.functional.test_functional_extra_suite" name="test_fx_accept_create_author_idempotent" time="0.038" /><testcase classname="tests.functional.test_functional_extra_suite" name="test_fx_accept_create_book" time="0.034" /><testcase classname="tests.functional.test_functional_extra_suite" name="test_fx_accept_open_loan_blackbox" time="0.070" /><testcase classname="tests.functional.test_functional_extra_suite" name="test_fx_accept_close_loan_sets_return_date" time="0.115" /><testcase classname="tests.functional.test_functional_extra_suite" name="test_fx_accept_member_missing_email_422" time="0.010" /><testcase classname="tests.functional.test_functional_extra_suite" name="test_fx_accept_limit_active_loans" time="0.159" /><testcase classname="tests.functional.test_functional_extra_suite" name="test_fx_accept_cannot_open_with_debt" time="0.105" /><testcase classname="tests.functional.test_functional_scenarios" name="test_blackbox_cannot_open_when_debt" time="0.107" /></testsuite></testsuites>