<?xml version="1.0" encoding="utf-8"?><testsuites name="pytest tests"><testsuite name="pytest" errors="0" failures="0" skipped="0" tests="66" time="2.601" timestamp="2025-11-07T21:47:48.220167-03:00" hostname="DESKTOP-UB2L9J2"><testcase classname="tests.unit.test_oop_design" name="test_models_tables_exist" time="0.065" /><testcase classname="tests.unit.test_oop_design" name="test_repositories_polymorphism_shared_interface" time="0.016" /><testcase classname="tests.unit.test_schema_contract" name="test_author_schema_contract" time="0.001" /><testcase classname="tests.unit.test_schema_contract" name="test_book_schema_contract" time="0.001" /><testcase classname="tests.unit.test_schema_contract" name="test_member_schema_contract" time="0.001" /><testcase classname="tests.unit.test_schema_contract" name="test_loan_schema_contract" time="0.003" /><testcase classname="tests.unit.test_schema_contract" name="test_payment_schema_contract" time="0.003" /><testcase classname="tests.unit.test_service_with_mocks" name="test_service_open_loan_with_stubbed_repo" time="0.062" /><testcase classname="tests.unit.test_unit_api_errors" name="test_api_post_invalid_payload[/members-payload0]" time="0.139" /><testcase classname="tests.unit.test_unit_api_errors" name="test_api_post_invalid_payload[/books-payload1]" time="0.012" /><testcase classname="tests.unit.test_unit_api_errors" name="test_api_get_not_found" time="0.017" /><testcase classname="tests.unit.test_unit_api_errors" name="test_api_method_not_allowed" time="0.008" /><testcase classname="tests.unit.test_unit_branches_api_validation" name="test_books_post_422_missing_required_field" time="0.024" /><testcase classname="tests.unit.test_unit_branches_api_validation" name="test_members_post_422_missing_email" time="0.013" /><testcase classname="tests.unit.test_unit_branches_api_validation" name="test_books_get_405_or_200" time="0.008" /><testcase classname="tests.unit.test_unit_branches_api_validation" name="test_unknown_route_404" time="0.011" /><testcase classname="tests.unit.test_unit_branches_loans" name="test_open_same_book_twice_hits_rejection_branch" time="0.253" /><testcase classname="tests.unit.test_unit_branches_loans" name="test_close_loan_twice_second_must_fail" time="0.231" /><testcase classname="tests.unit.test_unit_core" name="test_rule_limit_active_loans" time="0.116" /><testcase classname="tests.unit.test_unit_core" name="test_rule_due_and_fine" time="0.076" /><testcase classname="tests.unit.test_unit_core" name="test_dummy_unit_1" time="0.002" /><testcase classname="tests.unit.test_unit_core" name="test_dummy_unit_2" time="0.002" /><testcase classname="tests.unit.test_unit_core" name="test_dummy_unit_3" time="0.001" /><testcase classname="tests.unit.test_unit_core" name="test_dummy_unit_4" time="0.003" /><testcase classname="tests.unit.test_unit_core" name="test_dummy_unit_5" time="0.003" /><testcase classname="tests.unit.test_unit_core" name="test_dummy_unit_6" time="0.003" /><testcase classname="tests.unit.test_unit_core" name="test_dummy_unit_7" time="0.003" /><testcase classname="tests.unit.test_unit_core" name="test_dummy_unit_8" time="0.003" /><testcase classname="tests.unit.test_unit_core" name="test_dummy_unit_9" time="0.003" /><testcase classname="tests.unit.test_unit_core" name="test_dummy_unit_10" time="0.003" /><testcase classname="tests.unit.test_unit_core" name="test_dummy_unit_11" time="0.002" /><testcase classname="tests.unit.test_unit_core" name="test_dummy_unit_12" time="0.001" /><testcase classname="tests.unit.test_unit_core" name="test_dummy_unit_13" time="0.001" /><testcase classname="tests.unit.test_unit_core" name="test_dummy_unit_14" time="0.001" /><testcase classname="tests.unit.test_unit_core" name="test_dummy_unit_15" time="0.002" /><testcase classname="tests.unit.test_unit_core" name="test_dummy_unit_16" time="0.002" /><testcase classname="tests.unit.test_unit_core" name="test_dummy_unit_17" time="0.002" /><testcase classname="tests.unit.test_unit_core" name="test_dummy_unit_18" time="0.002" /><testcase classname="tests.unit.test_unit_core" name="test_dummy_unit_19" time="0.002" /><testcase classname="tests.unit.test_unit_core" name="test_dummy_unit_20" time="0.002" /><testcase classname="tests.unit.test_unit_core" name="test_dummy_unit_21" time="0.002" /><testcase classname="tests.unit.test_unit_core" name="test_dummy_unit_22" time="0.002" /><testcase classname="tests.unit.test_unit_core" name="test_dummy_unit_23" time="0.001" /><testcase classname="tests.unit.test_unit_core" name="test_dummy_unit_24" time="0.001" /><testcase classname="tests.unit.test_unit_core" name="test_dummy_unit_25" time="0.002" /><testcase classname="tests.unit.test_unit_core" name="test_dummy_unit_26" time="0.001" /><testcase classname="tests.unit.test_unit_core" name="test_dummy_unit_27" time="0.002" /><testcase classname="tests.unit.test_unit_core" name="test_dummy_unit_28" time="0.001" /><testcase classname="tests.unit.test_unit_core" name="test_dummy_unit_29" time="0.001" /><testcase classname="tests.unit.test_unit_core" name="test_dummy_unit_30" time="0.003" /><testcase classname="tests.unit.test_unit_db_engine" name="test_db_session_creation" time="0.003" /><testcase classname="tests.unit.test_unit_db_engine" name="test_db_engine_singleton" time="0.001" /><testcase classname="tests.unit.test_unit_entities_repr" name="test_entities_repr_and_pk_consistency" time="0.001" /><testcase classname="tests.unit.test_unit_logging" name="test_logging_setup_idempotent" time="0.001" /><testcase classname="tests.unit.test_unit_repository_errors" name="test_repository_add_integrity_error_rollback" time="0.003" /><testcase classname="tests.unit.test_unit_repository_errors" name="test_repository_delete_not_found" time="0.002" /><testcase classname="tests.unit.test_unit_service_rules_param" name="test_open_loan_default_due_is_today_plus_7" time="0.094" /><testcase classname="tests.unit.test_unit_service_rules_param" name="test_open_loan_limit_message" time="0.009" /><testcase classname="tests.unit.test_unit_service_rules_param" name="test_close_loan_no_fine_on_same_day" time="0.046" /><testcase classname="tests.unit.test_unit_service_rules_param" name="test_close_loan_fine_amount_two_per_day" time="0.042" /><testcase classname="tests.unit.test_unit_service_rules_param" name="test_repository_delete_existing_and_missing" time="0.038" /><testcase classname="tests.unit.test_unit_settings" name="test_settings_log_level_from_env[DEBUG]" time="0.009" /><testcase classname="tests.unit.test_unit_settings" name="test_settings_log_level_from_env[INFO]" time="0.005" /><testcase classname="tests.unit.test_unit_settings" name="test_settings_log_level_from_env[WARNING]" time="0.006" /><testcase classname="tests.unit.test_unit_settings" name="test_settings_log_level_from_env[ERROR]" time="0.006" /><testcase classname="tests.unit.test_unit_settings" name="test_settings_defaults" time="0.010" /></testsuite></testsuites>